#
# There is insufficient memory for the Java Runtime Environment to continue.
# Native memory allocation (mmap) failed to map 132120576 bytes for G1 virtual space
# Possible reasons:
#   The system is out of physical RAM or swap space
#   The process is running with CompressedOops enabled, and the Java Heap may be blocking the growth of the native heap
# Possible solutions:
#   Reduce memory load on the system
#   Increase physical memory or swap space
#   Check if swap backing store is full
#   Decrease Java heap size (-Xmx/-Xms)
#   Decrease number of Java threads
#   Decrease Java thread stack sizes (-Xss)
#   Set larger code cache with -XX:ReservedCodeCacheSize=
#   JVM is running with Unscaled Compressed Oops mode in which the Java heap is
#     placed in the first 4GB address space. The Java Heap base address is the
#     maximum limit for the native heap growth. Please use -XX:HeapBaseMinAddress
#     to set the Java Heap base and to place the Java Heap above 4GB virtual address.
# This output file may be truncated or incomplete.
#
#  Out of Memory Error (os_windows.cpp:3600), pid=6360, tid=16796
#
# JRE version:  (21.0.2+13) (build )
# Java VM: OpenJDK 64-Bit Server VM (21.0.2+13-58, mixed mode, sharing, tiered, compressed oops, compressed class ptrs, g1 gc, windows-amd64)
# No core dump will be written. Minidumps are not enabled by default on client versions of Windows
#

---------------  S U M M A R Y ------------

Command Line: -Dfile.encoding=windows-1252 -Duser.country=US -Duser.language=en -Duser.variant com.example.timphongtrohanoi.TimphongtrohanoiApplication

Host: Intel(R) Core(TM) i5-6300HQ CPU @ 2.30GHz, 4 cores, 7G,  Windows 11 , 64 bit Build 22000 (10.0.22000.2538)
Time: Sun Mar 24 22:32:39 2024 SE Asia Standard Time elapsed time: 0.072136 seconds (0d 0h 0m 0s)

---------------  T H R E A D  ---------------

Current thread (0x0000017a79056670):  JavaThread "Unknown thread" [_thread_in_vm, id=16796, stack(0x0000006d3e500000,0x0000006d3e600000) (1024K)]

Stack: [0x0000006d3e500000,0x0000006d3e600000]
Native frames: (J=compiled Java code, j=interpreted, Vv=VM code, C=native code)
V  [jvm.dll+0x6cade9]
V  [jvm.dll+0x8569c1]
V  [jvm.dll+0x858d2e]
V  [jvm.dll+0x859413]
V  [jvm.dll+0x280e56]
V  [jvm.dll+0x6c74d5]
V  [jvm.dll+0x6bbeca]
V  [jvm.dll+0x355bca]
V  [jvm.dll+0x35d816]
V  [jvm.dll+0x3ae67e]
V  [jvm.dll+0x3ae928]
V  [jvm.dll+0x3295dc]
V  [jvm.dll+0x32a16b]
V  [jvm.dll+0x81efa9]
V  [jvm.dll+0x3bba01]
V  [jvm.dll+0x807928]
V  [jvm.dll+0x44f50e]
V  [jvm.dll+0x450e11]
C  [jli.dll+0x52a3]
C  [ucrtbase.dll+0x26c0c]
C  [KERNEL32.DLL+0x153e0]
C  [ntdll.dll+0x485b]


---------------  P R O C E S S  ---------------

Threads class SMR info:
_java_thread_list=0x00007ffa9b15bb88, length=0, elements={
}

Java Threads: ( => current thread )
Total: 0

Other Threads:
  0x0000017a7b339810 WorkerThread "GC Thread#0"                     [id=1804, stack(0x0000006d3e600000,0x0000006d3e700000) (1024K)]
  0x0000017a7b34a3f0 ConcurrentGCThread "G1 Main Marker"            [id=18580, stack(0x0000006d3e700000,0x0000006d3e800000) (1024K)]
  0x0000017a7b34b0a0 WorkerThread "G1 Conc#0"                       [id=18152, stack(0x0000006d3e800000,0x0000006d3e900000) (1024K)]

[error occurred during error reporting (printing all threads), id 0xc0000005, EXCEPTION_ACCESS_VIOLATION (0xc0000005) at pc=0x00007ffa9a8cc6a7]
VM state: not at safepoint (not fully initialized)

VM Mutex/Monitor currently owned by a thread:  ([mutex/lock_event])
[0x00007ffa9b1cce68] Heap_lock - owner thread: 0x0000017a79056670

Heap address: 0x0000000082000000, size: 2016 MB, Compressed Oops mode: 32-bit

CDS archive(s) mapped at: [0x0000000000000000-0x0000000000000000-0x0000000000000000), size 0, SharedBaseAddress: 0x0000000800000000, ArchiveRelocationMode: 1.
Narrow klass base: 0x0000000000000000, Narrow klass shift: 0, Narrow klass range: 0x0

GC Precious Log:
 CardTable entry size: 512
 Card Set container configuration: InlinePtr #cards 5 size 8 Array Of Cards #cards 12 size 40 Howl #buckets 4 coarsen threshold 1843 Howl Bitmap #cards 512 size 80 coarsen threshold 460 Card regions per heap region 1 cards per card region 2048

Heap:
 garbage-first heap   total 0K, used 0K [0x0000000082000000, 0x0000000100000000)
  region size 1024K, 0 young (0K), 0 survivors (0K)

[error occurred during error reporting (printing heap information), id 0xc0000005, EXCEPTION_ACCESS_VIOLATION (0xc0000005) at pc=0x00007ffa9acb39f9]
GC Heap History (0 events):
No events

Dll operation events (1 events):
Event: 0.010 Loaded shared library C:\Users\huyvu\.jdks\openjdk-21.0.2\bin\java.dll

Deoptimization events (0 events):
No events

Classes loaded (0 events):
No events

Classes unloaded (0 events):
No events

Classes redefined (0 events):
No events

Internal exceptions (0 events):
No events

ZGC Phase Switch (0 events):
No events

VM Operations (0 events):
No events

Events (0 events):
No events


Dynamic libraries:
0x00007ff6058a0000 - 0x00007ff6058ae000 	C:\Users\huyvu\.jdks\openjdk-21.0.2\bin\java.exe
0x00007ffb2e980000 - 0x00007ffb2eb89000 	C:\Windows\SYSTEM32\ntdll.dll
0x00007ffb2d820000 - 0x00007ffb2d8dd000 	C:\Windows\System32\KERNEL32.DLL
0x00007ffb2c440000 - 0x00007ffb2c7c4000 	C:\Windows\System32\KERNELBASE.dll
0x00007ffb2be10000 - 0x00007ffb2bf21000 	C:\Windows\System32\ucrtbase.dll
0x00007ffb056b0000 - 0x00007ffb056c8000 	C:\Users\huyvu\.jdks\openjdk-21.0.2\bin\jli.dll
0x00007ffb2e790000 - 0x00007ffb2e93d000 	C:\Windows\System32\USER32.dll
0x00007ffb2c410000 - 0x00007ffb2c436000 	C:\Windows\System32\win32u.dll
0x00007ffb2cd20000 - 0x00007ffb2cd4a000 	C:\Windows\System32\GDI32.dll
0x00007ffb2c0a0000 - 0x00007ffb2c1be000 	C:\Windows\System32\gdi32full.dll
0x00007ffb2c300000 - 0x00007ffb2c39d000 	C:\Windows\System32\msvcp_win.dll
0x00007ffb05010000 - 0x00007ffb0502b000 	C:\Users\huyvu\.jdks\openjdk-21.0.2\bin\VCRUNTIME140.dll
0x00007ffb206f0000 - 0x00007ffb20995000 	C:\Windows\WinSxS\amd64_microsoft.windows.common-controls_6595b64144ccf1df_6.0.22000.120_none_9d947278b86cc467\COMCTL32.dll
0x00007ffb2d0d0000 - 0x00007ffb2d173000 	C:\Windows\System32\msvcrt.dll
0x00007ffb2e3d0000 - 0x00007ffb2e401000 	C:\Windows\System32\IMM32.DLL
0x00007ffb1ccf0000 - 0x00007ffb1ccfc000 	C:\Users\huyvu\.jdks\openjdk-21.0.2\bin\vcruntime140_1.dll
0x00007ffaffa70000 - 0x00007ffaffafe000 	C:\Users\huyvu\.jdks\openjdk-21.0.2\bin\msvcp140.dll
0x00007ffa9a590000 - 0x00007ffa9b2a7000 	C:\Users\huyvu\.jdks\openjdk-21.0.2\bin\server\jvm.dll
0x00007ffb2c970000 - 0x00007ffb2ca1e000 	C:\Windows\System32\ADVAPI32.dll
0x00007ffb2e240000 - 0x00007ffb2e2de000 	C:\Windows\System32\sechost.dll
0x00007ffb2cd50000 - 0x00007ffb2ce71000 	C:\Windows\System32\RPCRT4.dll
0x00007ffb2e1d0000 - 0x00007ffb2e23f000 	C:\Windows\System32\WS2_32.dll
0x00007ffb2a730000 - 0x00007ffb2a77d000 	C:\Windows\SYSTEM32\POWRPROF.dll
0x00007ffb26170000 - 0x00007ffb261a3000 	C:\Windows\SYSTEM32\WINMM.dll
0x00007ffb24300000 - 0x00007ffb2430a000 	C:\Windows\SYSTEM32\VERSION.dll
0x00007ffb2a820000 - 0x00007ffb2a833000 	C:\Windows\SYSTEM32\UMPDC.dll
0x00007ffb2af30000 - 0x00007ffb2af48000 	C:\Windows\SYSTEM32\kernel.appcore.dll
0x00007ffb1c2b0000 - 0x00007ffb1c2ba000 	C:\Users\huyvu\.jdks\openjdk-21.0.2\bin\jimage.dll
0x00007ffb297d0000 - 0x00007ffb299f1000 	C:\Windows\SYSTEM32\DBGHELP.DLL
0x00007ffb1ce80000 - 0x00007ffb1ceb1000 	C:\Windows\SYSTEM32\dbgcore.DLL
0x00007ffb2c280000 - 0x00007ffb2c2ff000 	C:\Windows\System32\bcryptPrimitives.dll
0x00007ffb04f70000 - 0x00007ffb04f8f000 	C:\Users\huyvu\.jdks\openjdk-21.0.2\bin\java.dll

dbghelp: loaded successfully - version: 4.0.5 - missing functions: none
symbol engine: initialized successfully - sym options: 0x614 - pdb path: .;C:\Users\huyvu\.jdks\openjdk-21.0.2\bin;C:\Windows\SYSTEM32;C:\Windows\WinSxS\amd64_microsoft.windows.common-controls_6595b64144ccf1df_6.0.22000.120_none_9d947278b86cc467;C:\Users\huyvu\.jdks\openjdk-21.0.2\bin\server

VM Arguments:
jvm_args: -Dfile.encoding=windows-1252 -Duser.country=US -Duser.language=en -Duser.variant 
java_command: com.example.timphongtrohanoi.TimphongtrohanoiApplication
java_class_path (initial): D:\Source\Java\timphongtrohanoi\build\classes\java\main;D:\Source\Java\timphongtrohanoi\build\resources\main;C:\Users\huyvu\.gradle\caches\modules-2\files-2.1\org.springframework.boot\spring-boot-starter-web\3.2.2\b89d213d9f49c3e6247b2503ac7d94b0ac8260f6\spring-boot-starter-web-3.2.2.jar;C:\Users\huyvu\.gradle\caches\modules-2\files-2.1\org.springframework.boot\spring-boot-starter-test\3.2.2\8785ad456a809e3eec319d7bbb36c3e971abd00f\spring-boot-starter-test-3.2.2.jar;C:\Users\huyvu\.gradle\caches\modules-2\files-2.1\org.springframework.boot\spring-boot-starter-thymeleaf\3.2.2\d1895c9a600547d53dddfff7c57ab7838df5d65\spring-boot-starter-thymeleaf-3.2.2.jar;C:\Users\huyvu\.gradle\caches\modules-2\files-2.1\org.springframework.boot\spring-boot-starter-validation\3.2.2\faedd363ffbafde6a23bc7183ce79de11a96e780\spring-boot-starter-validation-3.2.2.jar;C:\Users\huyvu\.gradle\caches\modules-2\files-2.1\org.springframework.boot\spring-boot-starter-data-jpa\3.2.2\65cf3aad09f0218b7dfab849c9b0350d0a9e0d81\spring-boot-starter-data-jpa-3.2.2.jar;C:\Users\huyvu\.gradle\caches\modules-2\files-2.1\org.mybatis.spring.boot\mybatis-spring-boot-starter\3.0.3\19528356bf8bad2be5f8bf796dfc30bcc4996054\mybatis-spring-boot-starter-3.0.3.jar;C:\Users\huyvu\.gradle\caches\modules-2\files-2.1\org.springframework.boot\spring-boot-starter-security\3.2.2\79676d6fe68878890e26be10ecab126f472d7c0f\spring-boot-starter-security-3.2.2.jar;C:\Users\huyvu\.gradle\caches\modules-2\files-2.1\org.springframework.security\spring-security-web\6.2.1\4b486977ab1bcdd5dcc6aa5d8a367f1c0814bf56\spring-security-web-6.2.1.jar;C:\Users\huyvu\.gradle\caches\modules-2\files-2.1\org.springframework.security\spring-security-config\6.2.1\119953fd2980d50e1119b913a8596e5e6bdc1295\spring-security-config-6.2.1.jar;C:\Users\huyvu\.gradle\caches\modules-2\files-2.1\io.jsonwebtoken\jjwt-impl\0.11.5\40a599f0e8a8e4e0701596fbb15e67bfda64fdf0\jjwt-impl-0.11.5.jar;C:\Users\huyvu\.gradle\caches\modules-2\files-2.1\io.jsonwebtoken\jjwt-jackson\0.11.5\3b83a06809e98a69402d7333dcf67df6f6ea4579\jjwt-jackson-0.11.5.jar;C:\Users\huyvu\.gradle\caches\modules-2\files-2.1\io.jsonwebtoken\jjwt-api\0.11.5\f742940045619d06383e7df37b21ac422b476cf1\jjwt-api-0.11.5.jar;C:\Users\huyvu\.gradle\caches\modules-2\files-2.1\org.springframework.boot\spring-boot-starter-json\3.2.2\328f5ce9e10d5f90520e72a3ff8a2586b9e46b37\spring-boot-starter-json-3.2.2.jar;C:\Users\huyvu\.gradle\caches\modules-2\files-2.1\org.springframework.boot\spring-boot-starter-aop\3.2.2\f01ecef0ce5f8d5631890a0c456a88a72323b569\spring-boot-starter-aop-3.2.2.jar;C:\Users\huyvu\.gradle\caches\modules-2\files-2.1\org.springframework.boot\spring-boot-starter-jdbc\3.2.2\22ffda6938dca5f584c8b1b64e4e9096e8302c1e\spring-boot-starter-jdbc-3.2.2.jar;C:\Users\huyvu\.gradle\caches\modules-2\files-2.1\org.springframework.boot\spring-boot-starter\3.2.2\dc04714f9295297f92fa8099eb51edc54dbe67db\spring-boot-starter-3.2.2.jar;C:\Users\huyvu\.gradle\caches\modules-2\files-2.1\org.springframework.boot\spring-boot-starter-tomcat\3.2.2\e22a0ba37910731b382f3fe47ad36aed20fad24d\spring-boot-starter-tomcat-3.2.2.jar;C:\Users\huyvu\.gradle\caches\modules-2\files-2.1\org.springframework\spring-webmvc\6.1.3\f4738a57787add6567e0679eebb1b499a11019cc\spring-webmvc-6.1.3.jar;C:\Users\huyvu\.gradle\caches\modules-2\files-2.1\org.springframework\spring-web\6.1.3\cc3459b4abd436331608ddb6424886875f7086ab\spring-web-6.1.3.jar;C:\Users\huyvu\.gradle\caches\modules-2\files-2.1\org.springframework.boot\spring-boot-test-autoconfigure\3.2.2\3413e663b2e3e005db07a60883ac6cd01b0dc0c\spring-boot-test-autoconfigure-3.2.2.jar;C:\Users\huyvu\.gradle\caches\modules-2\files-2.1\org.springframework.boot\spring-boot-test\3.2.2\9e76de9c9f520865c5d62588323f018a9d4e9077\spring-boot-test-3.2.2.jar;C:\Users\huyvu\.gradle\caches\modules-2\files-2.1\com.jayway.jsonpath\json-path\2.8.0\b4ab3b7a9e425655a0ca65487bbbd6d7ddb75160\json-path-2.8.0.jar;C:\Users\huyvu\.gradle\caches\modules-2\files-2.1\org.hibernate.orm\hibernate-core\6.4.1.Final\3dcefddf6609e6491d37208bcc0cab1273598cbd\hibernate-core-6.4.1.Final.jar;C:\Users\huyvu\.gradle\caches\modules-2\files-2.1\org.glassfish.jaxb\jaxb-runtime\4.0.4\7180c50ef8bd127bb1dd645458b906cffcf6c2b5\jaxb-runtime-4.0.4.jar;C:\Users\huyvu\.gradle\caches\modules-2\files-2.1\org.glassfish.jaxb\jaxb-core\4.0.4\2d5aadd02af86f1e9d8c6f7e8501673f915d4e25\jaxb-core-4.0.4.jar;C:\Users\huyvu\.gradle\caches\modules-2\files-2.1\jakarta.xml.bind\jakarta.xml.bind-api\4.0.1\ca2330866cbc624c7e5ce982e121db1125d23e15\jakarta.xml.bind-api-4.0.1.jar;C:\Users\huyvu\.gradle\caches\modules-2\files-2.1\net.minidev\json-smart\2.5.0\57a64f421b472849c40e77d2e7cce3a141b41e99\json-smart-2.5.0.jar;C:\Users\huyvu\.gradle\caches\modules-2\files-2.1\org.assertj\assertj-core\3.24.2\ebbf338e33f893139459ce5df023115971c2786f\assertj-core-3.24.2.jar;C:\Users\huyvu\.gradle\caches\modules-2\files-2.1\org.awaitility\awaitility\4.2.0\2c39784846001a9cffd6c6b89c78de62c0d80fb8\awaitility-4.2.0.jar;C:\Users\huyvu\.gradle\caches\modules-2\files-2.1\org.hamcrest\hamcrest\2.2\1820c0968dba3a11a1b30669bb1f01978a91dedc\hamcrest-2.2.jar;C:\Users\huyvu\.gradle\caches\modules-2\files-2.1\org.mockito\mockito-junit-jupiter\5.7.0\ac2d6a3431747a7986b8f4abef465f72bf3a21ae\mockito-junit-jupiter-5.7.0.jar;C:\Users\huyvu\.gradle\caches\modules-2\files-2.1\org.junit.jupiter\junit-jupiter-params\5.10.1\c8f15d4e99940c4564098af78c10809c00fdca06\junit-jupiter-params-5.10.1.jar;C:\Users\huyvu\.gradle\caches\modules-2\files-2.1\org.junit.jupiter\junit-jupiter-engine\5.10.1\6c9ff773f9aa842b91d1f2fe4658973252ce2428\junit-jupiter-engine-5.10.1.jar;C:\Users\huyvu\.gradle\caches\modules-2\files-2.1\org.junit.jupiter\junit-jupiter-api\5.10.1\eb90c7d8bfaae8fdc97b225733fcb595ddd72843\junit-jupiter-api-5.10.1.jar;C:\Users\huyvu\.gradle\caches\modules-2\files-2.1\org.junit.platform\junit-platform-engine\1.10.1\f32ae4af74fde68414b8a3d2b7cf1fb43824a83a\junit-platform-engine-1.10.1.jar;C:\Users\huyvu\.gradle\caches\modules-2\files-2.1\org.junit.platform\junit-platform-commons\1.10.1\2bfcd4a4e38b10c671b6916d7e543c20afe25579\junit-platform-commons-1.10.1.jar;C:\Users\huyvu\.gradle\caches\modules-2\files-2.1\org.junit.jupiter\junit-jupiter\5.10.1\6e5c7dd668d6349cb99e52ab8321e73479a309bc\junit-jupiter-5.10.1.jar;C:\Users\huyvu\.gradle\caches\modules-2\files-2.1\org.mockito\mockito-core\5.7.0\a1c258331ab91d66863c983aff7136357e9de056\mockito-core-5.7.0.jar;C:\Users\huyvu\.gradle\caches\modules-2\files-2.1\org.skyscreamer\jsonassert\1.5.1\6d842d0faf4cf6725c509a5e5347d319ee0431c3\jsonassert-1.5.1.jar;C:\Users\huyvu\.gradle\caches\modules-2\files-2.1\org.springframework\spring-test\6.1.3\193a0c6c53a4eed98a1d7567e952647a92cf53aa\spring-test-6.1.3.jar;C:\Users\huyvu\.gradle\caches\modules-2\files-2.1\org.springframework.data\spring-data-jpa\3.2.2\f91a3896c2a6139ac1da1fd8ff4350ca4b0e409e\spring-data-jpa-3.2.2.jar;C:\Users\huyvu\.gradle\caches\modules-2\files-2.1\org.springframework.security\spring-security-core\6.2.1\b4014a04f217f0f48d15bc7d53906b6911ad855f\spring-security-core-6.2.1.jar;C:\Users\huyvu\.gradle\caches\modules-2\files-2.1\org.mybatis.spring.boot\mybatis-spring-boot-autoconfigure\3.0.3\b73a2effa4f60a2eeca98aa12ea3437faede0f73\mybatis-spring-boot-autoconfigure-3.0.3.jar;C:\Users\huyvu\.gradle\caches\modules-2\files-2.1\org.springframework.boot\spring-boot-autoconfigure\3.2.2\5c407409f8d260a4bc6e173d16fc3b36e6adec21\spring-boot-autoconfigure-3.2.2.jar;C:\Users\huyvu\.gradle\caches\modules-2\files-2.1\org.springframework.boot\spring-boot\3.2.2\9f274d1bd822c4c57bb5b37ecae2380b980f567\spring-boot-3.2.2.jar;C:\Users\huyvu\.gradle\caches\modules-2\files-2.1\org.springframework\spring-context\6.1.3\c63f038933701058fd7578460c66dbe2d424915\spring-context-6.1.3.jar;C:\Users\huyvu\.gradle\caches\modules-2\files-2.1\org.springframework\spring-aop\6.1.3\4d9bd4bd9b8bedf9ef151b45c79766b336117b9a\spring-aop-6.1.3.jar;C:\Users\huyvu\.gradle\caches\modules-2\files-2.1\org.springframework\spring-orm\6.1.3\98572e26c6d011c9710545085358a4e35e27649\spring-orm-6.1.3.jar;C:\Users\huyvu\.gradle\caches\modules-2\files-2.1\org.springframework\spring-jdbc\6.1.3\be4b30cc956b26f13e04ccadc2b0575038c531bb\spring-jdbc-6.1.3.jar;C:\Users\huyvu\.gradle\caches\modules-2\files-2.1\org.springframework.data\spring-data-commons\3.2.2\9b0b0f5f5bc793463a81171d6889809abc14b19b\spring-data-commons-3.2.2.jar;C:\Users\huyvu\.gradle\caches\modules-2\files-2.1\org.springframework\spring-tx\6.1.3\7750337bf46a2ff248685915c7cc88d3bef2f666\spring-tx-6.1.3.jar;C:\Users\huyvu\.gradle\caches\modules-2\files-2.1\org.springframework\spring-beans\6.1.3\c2df4210e796d3a27efc1f22621aa4e2c6cd985f\spring-beans-6.1.3.jar;C:\Users\huyvu\.gradle\caches\modules-2\files-2.1\org.springframework\spring-expression\6.1.3\7c35fc3d7525a024fdde8a5d7597a6a8a4e59d7\spring-expression-6.1.3.jar;C:\Users\huyvu\.gradle\caches\modules-2\files-2.1\org.springframework\spring-core\6.1.3\a002e96e780954cc3ac4cd70fd3bb16accdc47ed\spring-core-6.1.3.jar;C:\Users\huyvu\.gradle\caches\modules-2\files-2.1\org.xmlunit\xmlunit-core\2.9.1\e5833662d9a1279a37da3ef6f62a1da29fcd68c4\xmlunit-core-2.9.1.jar;C:\Users\huyvu\.gradle\caches\modules-2\files-2.1\org.thymeleaf\thymeleaf-spring6\3.1.2.RELEASE\6030c7b4e260c41336f378e53da6e8531263f24b\thymeleaf-spring6-3.1.2.RELEASE.jar;C:\Users\huyvu\.gradle\caches\modules-2\files-2.1\org.apache.tomcat.embed\tomcat-embed-el\10.1.18\b2c4dc05abd363c63b245523bb071727aa2f1046\tomcat-embed-el-10.1.18.jar;C:\Users\huyvu\.gradle\caches\modules-2\files-2.1\org.hibernate.validator\hibernate-validator\8.0.1.Final\e49e116b3d3928060599b176b3538bb848718e95\hibernate-validator-8.0.1.Final.jar;C:\Users\huyvu\.gradle\caches\modules-2\files-2.1\org.springframework\spring-aspects\6.1.3\c8b5dde3568dc5df6109916d8ad4866efe4e61fd\spring-aspects-6.1.3.jar;C:\Users\huyvu\.gradle\caches\modules-2\files-2.1\org.mybatis\mybatis\3.5.14\d94d2267d1caf1c31748123e671dcea5ad1a6f8\mybatis-3.5.14.jar;C:\Users\huyvu\.gradle\caches\modules-2\files-2.1\org.mybatis\mybatis-spring\3.0.3\5a4ab31bfb62bca615b39ade93de2a607e9b9403\mybatis-spring-3.0.3.jar;C:\Users\huyvu\.gradle\caches\modules-2\files-2.1\com.mysql\mysql-connector-j\8.3.0\1cc7fa5d61f4bbc113531a4ba6d85d41cf3d57e1\mysql-connector-j-8.3.0.jar;C:\Users\huyvu\.gradle\caches\modules-2\files-2.1\com.fasterxml.jackson.datatype\jackson-datatype-jsr310\2.15.3\4a20a0e104931bfa72f24ef358c2eb63f1ef2aaf\jackson-datatype-jsr310-2.15.3.jar;C:\Users\huyvu\.gradle\caches\modules-2\files-2.1\com.fasterxml.jackson.module\jackson-module-parameter-names\2.15.3\8d251b90c5358677e7d8161e0c2488e6f84f49da\jackson-module-parameter-names-2.15.3.jar;C:\Users\huyvu\.gradle\caches\modules-2\files-2.1\com.fasterxml.jackson.core\jackson-annotations\2.15.3\79baf4e605eb3bbb60b1c475d44a7aecceea1d60\jackson-annotations-2.15.3.jar;C:\Users\huyvu\.gradle\caches\modules-2\files-2.1\com.fasterxml.jackson.core\jackson-core\2.15.3\60d600567c1862840397bf9ff5a92398edc5797b\jackson-core-2.15.3.jar;C:\Users\huyvu\.gradle\caches\modules-2\files-2.1\com.fasterxml.jackson.datatype\jackson-datatype-jdk8\2.15.3\80158cb020c7bd4e4ba94d8d752a65729dc943b2\jackson-datatype-jdk8-2.15.3.jar;C:\Users\huyvu\.gradle\caches\modules-2\files-2.1\com.fasterxml.jackson.core\jackson-databind\2.15.3\a734bc2c47a9453c4efa772461a3aeb273c010d9\jackson-databind-2.15.3.jar;C:\Users\huyvu\.gradle\caches\modules-2\files-2.1\org.springframework.boot\spring-boot-starter-logging\3.2.2\3347c3b1cec6cf2d5fa186d1e49d2f378a6b7cae\spring-boot-starter-logging-3.2.2.jar;C:\Users\huyvu\.gradle\caches\modules-2\files-2.1\jakarta.annotation\jakarta.annotation-api\2.1.1\48b9bda22b091b1f48b13af03fe36db3be6e1ae3\jakarta.annotation-api-2.1.1.jar;C:\Users\huyvu\.gradle\caches\modules-2\files-2.1\org.yaml\snakeyaml\2.2\3af797a25458550a16bf89acc8e4ab2b7f2bfce0\snakeyaml-2.2.jar;C:\Users\huyvu\.gradle\caches\modules-2\files-2.1\org.apache.tomcat.embed\tomcat-embed-websocket\10.1.18\83a3bc6898f2ceed2357ba231a5e83dc2016d454\tomcat-embed-websocket-10.1.18.jar;C:\Users\huyvu\.gradle\caches\modules-2\files-2.1\org.apache.tomcat.embed\tomcat-embed-core\10.1.18\bff6c34649d1dd7b509e819794d73ba795947dcf\tomcat-embed-core-10.1.18.jar;C:\Users\huyvu\.gradle\caches\modules-2\files-2.1\io.micrometer\micrometer-observation\1.12.2\e082b05a2527fc24ea6fbe4c4b7ae34653aace81\micrometer-observation-1.12.2.jar;C:\Users\huyvu\.gradle\caches\modules-2\files-2.1\org.thymeleaf\thymeleaf\3.1.2.RELEASE\273997509a4c7aef86cee0521750140c587d9be2\thymeleaf-3.1.2.RELEASE.jar;C:\Users\huyvu\.gradle\caches\modules-2\files-2.1\com.zaxxer\HikariCP\5.0.1\a74c7f0a37046846e88d54f7cb6ea6d565c65f9c\HikariCP-5.0.1.jar;C:\Users\huyvu\.gradle\caches\modules-2\files-2.1\ch.qos.logback\logback-classic\1.4.14\d98bc162275134cdf1518774da4a2a17ef6fb94d\logback-classic-1.4.14.jar;C:\Users\huyvu\.gradle\caches\modules-2\files-2.1\org.apache.logging.log4j\log4j-to-slf4j\2.21.1\d77b2ba81711ed596cd797cc2b5b5bd7409d841c\log4j-to-slf4j-2.21.1.jar;C:\Users\huyvu\.gradle\caches\modules-2\files-2.1\org.slf4j\jul-to-slf4j\2.0.11\279356f8e873b1a26badd8bbb3284b5c3b22c770\jul-to-slf4j-2.0.11.jar;C:\Users\huyvu\.gradle\caches\modules-2\files-2.1\org.slf4j\slf4j-api\2.0.11\ad96c3f8cf895e696dd35c2bc8e8ebe710be9e6d\slf4j-api-2.0.11.jar;C:\Users\huyvu\.gradle\caches\modules-2\files-2.1\org.eclipse.angus\angus-activation\2.0.1\eaafaf4eb71b400e4136fc3a286f50e34a68ecb7\angus-activation-2.0.1.jar;C:\Users\huyvu\.gradle\caches\modules-2\files-2.1\jakarta.activation\jakarta.activation-api\2.1.2\640c0d5aff45dbff1e1a1bc09673ff3a02b1ba12\jakarta.activation-api-2.1.2.jar;C:\Users\huyvu\.gradle\caches\modules-2\files-2.1\net.minidev\accessors-smart\2.5.0\aca011492dfe9c26f4e0659028a4fe0970829dd8\accessors-smart-2.5.0.jar;C:\Users\huyvu\.gradle\caches\modules-2\files-2.1\net.bytebuddy\byte-buddy\1.14.11\725602eb7c8c56b51b9c21f273f9df5c909d9e7d\byte-buddy-1.14.11.jar;C:\Users\huyvu\.gradle\caches\modules-2\files-2.1\net.bytebuddy\byte-buddy-agent\1.14.11\f9cb566608fbac6bc7bf54901a7aa11543a989ee\byte-buddy-agent-1.14.11.jar;C:\Users\huyvu\.gradle\caches\modules-2\files-2.1\org.objenesis\objenesis\3.3\1049c09f1de4331e8193e579448d0916d75b7631\objenesis-3.3.jar;C:\Users\huyvu\.gradle\caches\modules-2\files-2.1\com.vaadin.external.google\android-json\0.0.20131108.vaadin1\fa26d351fe62a6a17f5cda1287c1c6110dec413f\android-json-0.0.20131108.vaadin1.jar;C:\Users\huyvu\.gradle\caches\modules-2\files-2.1\org.springframework\spring-jcl\6.1.3\a715e091ee86243ee94534a03f3c26b4e48de31e\spring-jcl-6.1.3.jar;C:\Users\huyvu\.gradle\caches\modules-2\files-2.1\jakarta.validation\jakarta.validation-api\3.0.2\92b6631659ba35ca09e44874d3eb936edfeee532\jakarta.validation-api-3.0.2.jar;C:\Users\huyvu\.gradle\caches\modules-2\files-2.1\org.jboss.logging\jboss-logging\3.5.3.Final\c88fc1d8a96d4c3491f55d4317458ccad53ca663\jboss-logging-3.5.3.Final.jar;C:\Users\huyvu\.gradle\caches\modules-2\files-2.1\com.fasterxml\classmate\1.6.0\91affab6f84a2182fce5dd72a8d01bc14346dddd\classmate-1.6.0.jar;C:\Users\huyvu\.gradle\caches\modules-2\files-2.1\org.aspectj\aspectjweaver\1.9.21\beaabaea95c7f3330f415c72ee0ffe79b51d172f\aspectjweaver-1.9.21.jar;C:\Users\huyvu\.gradle\caches\modules-2\files-2.1\jakarta.persistence\jakarta.persistence-api\3.1.0\66901fa1c373c6aff65c13791cc11da72060a8d6\jakarta.persistence-api-3.1.0.jar;C:\Users\huyvu\.gradle\caches\modules-2\files-2.1\jakarta.transaction\jakarta.transaction-api\2.0.1\51a520e3fae406abb84e2e1148e6746ce3f80a1a\jakarta.transaction-api-2.0.1.jar;C:\Users\huyvu\.gradle\caches\modules-2\files-2.1\org.hibernate.common\hibernate-commons-annotations\6.0.6.Final\77a5f94b56d49508e0ee334751db5b78e5ccd50c\hibernate-commons-annotations-6.0.6.Final.jar;C:\Users\huyvu\.gradle\caches\modules-2\files-2.1\io.smallrye\jandex\3.1.2\a6c1c89925c7df06242b03dddb353116ceb9584c\jandex-3.1.2.jar;C:\Users\huyvu\.gradle\caches\modules-2\files-2.1\jakarta.inject\jakarta.inject-api\2.0.1\4c28afe1991a941d7702fe1362c365f0a8641d1e\jakarta.inject-api-2.0.1.jar;C:\Users\huyvu\.gradle\caches\modules-2\files-2.1\org.antlr\antlr4-runtime\4.13.0\5a02e48521624faaf5ff4d99afc88b01686af655\antlr4-runtime-4.13.0.jar;C:\Users\huyvu\.gradle\caches\modules-2\files-2.1\org.springframework.security\spring-security-crypto\6.2.1\d7c4f4e8fe5ae84dd1da76094ee8a0a7e214923d\spring-security-crypto-6.2.1.jar;C:\Users\huyvu\.gradle\caches\modules-2\files-2.1\io.micrometer\micrometer-commons\1.12.2\b44127d8ec7b3ef11a01912d1e6474e1167f3929\micrometer-commons-1.12.2.jar;C:\Users\huyvu\.gradle\caches\modules-2\files-2.1\org.ow2.asm\asm\9.3\8e6300ef51c1d801a7ed62d07cd221aca3a90640\asm-9.3.jar;C:\Users\huyvu\.gradle\caches\modules-2\files-2.1\org.opentest4j\opentest4j\1.3.0\152ea56b3a72f655d4fd677fc0ef2596c3dd5e6e\opentest4j-1.3.0.jar;C:\Users\huyvu\.gradle\caches\modules-2\files-2.1\org.attoparser\attoparser\2.0.7.RELEASE\e5d0e988d9124139d645bb5872b24dfa23e283cc\attoparser-2.0.7.RELEASE.jar;C:\Users\huyvu\.gradle\caches\modules-2\files-2.1\org.unbescape\unbescape\1.1.6.RELEASE\7b90360afb2b860e09e8347112800d12c12b2a13\unbescape-1.1.6.RELEASE.jar;C:\Users\huyvu\.gradle\caches\modules-2\files-2.1\ch.qos.logback\logback-core\1.4.14\4d3c2248219ac0effeb380ed4c5280a80bf395e8\logback-core-1.4.14.jar;C:\Users\huyvu\.gradle\caches\modules-2\files-2.1\org.apache.logging.log4j\log4j-api\2.21.1\74c65e87b9ce1694a01524e192d7be989ba70486\log4j-api-2.21.1.jar;C:\Users\huyvu\.gradle\caches\modules-2\files-2.1\org.glassfish.jaxb\txw2\4.0.4\cfd2bcf08782673ac370694fdf2cf76dbaa607ef\txw2-4.0.4.jar;C:\Users\huyvu\.gradle\caches\modules-2\files-2.1\com.sun.istack\istack-commons-runtime\4.1.2\18ec117c85f3ba0ac65409136afa8e42bc74e739\istack-commons-runtime-4.1.2.jar
Launcher Type: SUN_STANDARD

[Global flags]
     intx CICompilerCount                          = 3                                         {product} {ergonomic}
     uint ConcGCThreads                            = 1                                         {product} {ergonomic}
     uint G1ConcRefinementThreads                  = 4                                         {product} {ergonomic}
   size_t G1HeapRegionSize                         = 1048576                                   {product} {ergonomic}
    uintx GCDrainStackTargetSize                   = 64                                        {product} {ergonomic}
   size_t InitialHeapSize                          = 132120576                                 {product} {ergonomic}
   size_t MarkStackSize                            = 4194304                                   {product} {ergonomic}
   size_t MaxHeapSize                              = 2113929216                                {product} {ergonomic}
   size_t MinHeapDeltaBytes                        = 1048576                                   {product} {ergonomic}
   size_t MinHeapSize                              = 8388608                                   {product} {ergonomic}
    uintx NonNMethodCodeHeapSize                   = 5832780                                {pd product} {ergonomic}
    uintx NonProfiledCodeHeapSize                  = 122912730                              {pd product} {ergonomic}
    uintx ProfiledCodeHeapSize                     = 122912730                              {pd product} {ergonomic}
    uintx ReservedCodeCacheSize                    = 251658240                              {pd product} {ergonomic}
     bool SegmentedCodeCache                       = true                                      {product} {ergonomic}
   size_t SoftMaxHeapSize                          = 2113929216                             {manageable} {ergonomic}
     bool UseCompressedOops                        = true                           {product lp64_product} {ergonomic}
     bool UseG1GC                                  = true                                      {product} {ergonomic}
     bool UseLargePagesIndividualAllocation        = false                                  {pd product} {ergonomic}

Logging:
Log output configuration:
 #0: stdout all=warning uptime,level,tags foldmultilines=false
 #1: stderr all=off uptime,level,tags foldmultilines=false

Environment Variables:
JAVA_HOME=C:\Program Files\Java\jdk-1.8
PATH=C:\Program Files\Common Files\Siemens\Automation\Simatic OAM\bin;C:\Program Files (x86)\Common Files\Oracle\Java\javapath;C:\Windows\system32;C:\Windows;C:\Windows\System32\Wbem;C:\Windows\System32\WindowsPowerShell\v1.0\;C:\Windows\System32\OpenSSH\;D:\Code\libs\apache-maven-3.8.5\bin;C:\Program Files\Microsoft SQL Server\Client SDK\ODBC\170\Tools\Binn\;C:\Program Files (x86)\Microsoft SQL Server\150\Tools\Binn\;C:\Program Files\Microsoft SQL Server\150\Tools\Binn\;C:\Program Files\Microsoft SQL Server\150\DTS\Binn\;C:\Program Files\Java\jdk-1.8\bin;C:\Program Files\Docker\Docker\resources\bin;C:\ProgramData\DockerDesktop\version-bin;D:\Code\libs\gradle-7.5\bin;C:\xampp\php;C:\composer;C:\Program Files (x86)\ZeroTier\One\;D:\Resource\software-in-school\MATLAB\R2022b\runtime\win64;D:\Resource\software-in-school\MATLAB\R2022b\bin;C:\Program Files\MySQL\MySQL Shell 8.0\bin\;C:\Users\huyvu\AppData\Local\Microsoft\WindowsApps;D:\Code\libs\apache-maven-3.8.5\bin;C:\Program Files\heroku\bin;C:\Users\huyvu\AppData\Local\GitHubDesktop\bin;C:\Program Files\Git\cmd;C:\Users\huyvu\AppData\Local\Programs\Microsoft VS Code\bin;D:\Code\libs\apache-maven-3.8.5\bin;C:\Program Files\JetBrains\IntelliJ IDEA Community Edition 2022.2.1\bin;;C:\Program Files\JetBrains\IntelliJ IDEA Educational Edition 2022.1.3\bin;;C:\Program Files\Java\jdk-1.8\bin;C:\Users\huyvu\AppData\Roaming\Composer\vendor\bin
USERNAME=huyvu
OS=Windows_NT
PROCESSOR_IDENTIFIER=Intel64 Family 6 Model 94 Stepping 3, GenuineIntel
TMP=C:\Users\huyvu\AppData\Local\Temp
TEMP=C:\Users\huyvu\AppData\Local\Temp




Periodic native trim disabled

---------------  S Y S T E M  ---------------

OS:
 Windows 11 , 64 bit Build 22000 (10.0.22000.2538)
OS uptime: 0 days 7:19 hours
Hyper-V role detected

CPU: total 4 (initial active 4) (4 cores per cpu, 1 threads per core) family 6 model 94 stepping 3 microcode 0xd6, cx8, cmov, fxsr, mmx, 3dnowpref, sse, sse2, sse3, ssse3, sse4.1, sse4.2, popcnt, lzcnt, tsc, tscinvbit, avx, avx2, aes, erms, clmul, bmi1, bmi2, rtm, adx, fma, vzeroupper, clflush, clflushopt, hv, rdtscp, f16c
Processor Information for all 4 processors :
  Max Mhz: 2301, Current Mhz: 2301, Mhz Limit: 2301

Memory: 4k page, system-wide physical 8058M (434M free)
TotalPageFile size 16058M (AvailPageFile size 228M)
current process WorkingSet (physical memory assigned to process): 10M, peak: 10M
current process commit charge ("private bytes"): 52M, peak: 177M

vm_info: OpenJDK 64-Bit Server VM (21.0.2+13-58) for windows-amd64 JRE (21.0.2+13-58), built on 2024-01-05T18:32:24Z by "mach5one" with MS VC++ 17.1 (VS2022)

END.
